<?xml version="1.0" encoding="UTF-8" ?>
<testsuite errors="0" skipped="0" tests="1" time="0.21" failures="0" name="TestSuite">
  <properties>
    <property value="Java(TM) 2 Runtime Environment, Standard Edition" name="java.runtime.name"/>
    <property value="/System/Library/Frameworks/JavaVM.framework/Versions/1.5.0/Libraries" name="sun.boot.library.path"/>
    <property value="1.5.0_13-119" name="java.vm.version"/>
    <property value="true" name="awt.nativeDoubleBuffering"/>
    <property value="false" name="gopherProxySet"/>
    <property value="Apple Inc." name="java.vm.vendor"/>
    <property value="http://www.apple.com/" name="java.vendor.url"/>
    <property value=":" name="path.separator"/>
    <property value="Java HotSpot(TM) Client VM" name="java.vm.name"/>
    <property value="sun.io" name="file.encoding.pkg"/>
    <property value="US" name="user.country"/>
    <property value="SUN_STANDARD" name="sun.java.launcher"/>
    <property value="unknown" name="sun.os.patch.level"/>
    <property value="Java Virtual Machine Specification" name="java.vm.specification.name"/>
    <property value="/Data/SVN/voidbase" name="user.dir"/>
    <property value="1.5.0_13-b05-237" name="java.runtime.version"/>
    <property value="apple.awt.CGraphicsEnvironment" name="java.awt.graphicsenv"/>
    <property value="/Data/SVN/voidbase" name="basedir"/>
    <property value="/System/Library/Frameworks/JavaVM.framework/Versions/1.5.0/Home/lib/endorsed" name="java.endorsed.dirs"/>
    <property value="i386" name="os.arch"/>
    <property value="/tmp/surefirebooter52182.jar" name="surefire.real.class.path"/>
    <property value="/tmp" name="java.io.tmpdir"/>
    <property value="
" name="line.separator"/>
    <property value="Sun Microsystems Inc." name="java.vm.specification.vendor"/>
    <property value="Mac OS X" name="os.name"/>
    <property value="MacRoman" name="sun.jnu.encoding"/>
    <property value=".:/Library/Java/Extensions:/System/Library/Java/Extensions:/usr/lib/java" name="java.library.path"/>
    <property value="/Data/SVN/voidbase/target/test-classes:/Data/SVN/voidbase/target/classes:/Users/aleksandarbradic/.m2/repository/org/testng/testng/5.8/testng-5.8-jdk15.jar:/Users/aleksandarbradic/.m2/repository/junit/junit/3.8.1/junit-3.8.1.jar:/Users/aleksandarbradic/.m2/repository/commons-cli/commons-cli/1.1/commons-cli-1.1.jar:/Users/aleksandarbradic/.m2/repository/org/slf4j/slf4j-api/1.5.6/slf4j-api-1.5.6.jar:/Users/aleksandarbradic/.m2/repository/org/slf4j/slf4j-log4j12/1.5.6/slf4j-log4j12-1.5.6.jar:/Users/aleksandarbradic/.m2/repository/log4j/log4j/1.2.14/log4j-1.2.14.jar:/Users/aleksandarbradic/.m2/repository/org/jyaml/jyaml/1.3/jyaml-1.3.jar:/Users/aleksandarbradic/.m2/repository/tokyocabinet/tokyocabinet/1.19/tokyocabinet-1.19.jar:/Users/aleksandarbradic/.m2/repository/org/jboss/netty/netty/3.1.0.CR1/netty-3.1.0.CR1.jar:/Users/aleksandarbradic/.m2/repository/org/codehaus/staxmate/stax2/2.1/stax2-2.1.jar:/Users/aleksandarbradic/.m2/repository/stax/stax-api/1.0.1/stax-api-1.0.1.jar:/Users/aleksandarbradic/.m2/repository/woodstox/wstx-api/2.9/wstx-api-2.9.jar:/Users/aleksandarbradic/.m2/repository/org/codehaus/woodstox/wstx-asl/3.2.9/wstx-asl-3.2.9.jar:/Users/aleksandarbradic/.m2/repository/commons-httpclient/commons-httpclient/3.1/commons-httpclient-3.1.jar:/Users/aleksandarbradic/.m2/repository/commons-logging/commons-logging/1.0.4/commons-logging-1.0.4.jar:/Users/aleksandarbradic/.m2/repository/commons-codec/commons-codec/1.2/commons-codec-1.2.jar:/Users/aleksandarbradic/.m2/repository/org/scala-lang/scala-compiler/2.7.3/scala-compiler-2.7.3.jar:/Users/aleksandarbradic/.m2/repository/org/scala-lang/scala-library/2.7.3/scala-library-2.7.3.jar:/Users/aleksandarbradic/.m2/repository/commons-math/commons-math/2.0/commons-math-2.0.jar:/Users/aleksandarbradic/.m2/repository/commons-configuration/commons-configuration/1.6/commons-configuration-1.6.jar:/Users/aleksandarbradic/.m2/repository/commons-collections/commons-collections/3.2.1/commons-collections-3.2.1.jar:/Users/aleksandarbradic/.m2/repository/commons-lang/commons-lang/2.4/commons-lang-2.4.jar:/Users/aleksandarbradic/.m2/repository/commons-digester/commons-digester/1.8/commons-digester-1.8.jar:/Users/aleksandarbradic/.m2/repository/commons-beanutils/commons-beanutils/1.7.0/commons-beanutils-1.7.0.jar:/Users/aleksandarbradic/.m2/repository/commons-beanutils/commons-beanutils-core/1.8.0/commons-beanutils-core-1.8.0.jar:/Users/aleksandarbradic/.m2/repository/com/sleepycat/je/3.3.75/je-3.3.75.jar:/Users/aleksandarbradic/.m2/repository/com/vast/libhotel/1.0.5/libhotel-1.0.5.jar:/Users/aleksandarbradic/.m2/repository/com/vast/common/vast_common/1.0.19/vast_common-1.0.19.jar:" name="surefire.test.class.path"/>
    <property value="Java Platform API Specification" name="java.specification.name"/>
    <property value="49.0" name="java.class.version"/>
    <property value="HotSpot Client Compiler" name="sun.management.compiler"/>
    <property value="10.5.6" name="os.version"/>
    <property value="local|*.local|169.254/16|*.169.254/16" name="http.nonProxyHosts"/>
    <property value="/Users/aleksandarbradic" name="user.home"/>
    <property value="Europe/Belgrade" name="user.timezone"/>
    <property value="apple.awt.CPrinterJob" name="java.awt.printerjob"/>
    <property value="1.5" name="java.specification.version"/>
    <property value="MacRoman" name="file.encoding"/>
    <property value="aleksandarbradic" name="user.name"/>
    <property value="/Data/SVN/voidbase/target/test-classes:/Data/SVN/voidbase/target/classes:/Users/aleksandarbradic/.m2/repository/org/testng/testng/5.8/testng-5.8-jdk15.jar:/Users/aleksandarbradic/.m2/repository/junit/junit/3.8.1/junit-3.8.1.jar:/Users/aleksandarbradic/.m2/repository/commons-cli/commons-cli/1.1/commons-cli-1.1.jar:/Users/aleksandarbradic/.m2/repository/org/slf4j/slf4j-api/1.5.6/slf4j-api-1.5.6.jar:/Users/aleksandarbradic/.m2/repository/org/slf4j/slf4j-log4j12/1.5.6/slf4j-log4j12-1.5.6.jar:/Users/aleksandarbradic/.m2/repository/log4j/log4j/1.2.14/log4j-1.2.14.jar:/Users/aleksandarbradic/.m2/repository/org/jyaml/jyaml/1.3/jyaml-1.3.jar:/Users/aleksandarbradic/.m2/repository/tokyocabinet/tokyocabinet/1.19/tokyocabinet-1.19.jar:/Users/aleksandarbradic/.m2/repository/org/jboss/netty/netty/3.1.0.CR1/netty-3.1.0.CR1.jar:/Users/aleksandarbradic/.m2/repository/org/codehaus/staxmate/stax2/2.1/stax2-2.1.jar:/Users/aleksandarbradic/.m2/repository/stax/stax-api/1.0.1/stax-api-1.0.1.jar:/Users/aleksandarbradic/.m2/repository/woodstox/wstx-api/2.9/wstx-api-2.9.jar:/Users/aleksandarbradic/.m2/repository/org/codehaus/woodstox/wstx-asl/3.2.9/wstx-asl-3.2.9.jar:/Users/aleksandarbradic/.m2/repository/commons-httpclient/commons-httpclient/3.1/commons-httpclient-3.1.jar:/Users/aleksandarbradic/.m2/repository/commons-logging/commons-logging/1.0.4/commons-logging-1.0.4.jar:/Users/aleksandarbradic/.m2/repository/commons-codec/commons-codec/1.2/commons-codec-1.2.jar:/Users/aleksandarbradic/.m2/repository/org/scala-lang/scala-compiler/2.7.3/scala-compiler-2.7.3.jar:/Users/aleksandarbradic/.m2/repository/org/scala-lang/scala-library/2.7.3/scala-library-2.7.3.jar:/Users/aleksandarbradic/.m2/repository/commons-math/commons-math/2.0/commons-math-2.0.jar:/Users/aleksandarbradic/.m2/repository/commons-configuration/commons-configuration/1.6/commons-configuration-1.6.jar:/Users/aleksandarbradic/.m2/repository/commons-collections/commons-collections/3.2.1/commons-collections-3.2.1.jar:/Users/aleksandarbradic/.m2/repository/commons-lang/commons-lang/2.4/commons-lang-2.4.jar:/Users/aleksandarbradic/.m2/repository/commons-digester/commons-digester/1.8/commons-digester-1.8.jar:/Users/aleksandarbradic/.m2/repository/commons-beanutils/commons-beanutils/1.7.0/commons-beanutils-1.7.0.jar:/Users/aleksandarbradic/.m2/repository/commons-beanutils/commons-beanutils-core/1.8.0/commons-beanutils-core-1.8.0.jar:/Users/aleksandarbradic/.m2/repository/com/sleepycat/je/3.3.75/je-3.3.75.jar:/Users/aleksandarbradic/.m2/repository/com/vast/libhotel/1.0.5/libhotel-1.0.5.jar:/Users/aleksandarbradic/.m2/repository/com/vast/common/vast_common/1.0.19/vast_common-1.0.19.jar:" name="java.class.path"/>
    <property value="1.0" name="java.vm.specification.version"/>
    <property value="32" name="sun.arch.data.model"/>
    <property value="/System/Library/Frameworks/JavaVM.framework/Versions/1.5.0/Home" name="java.home"/>
    <property value="Sun Microsystems Inc." name="java.specification.vendor"/>
    <property value="en" name="user.language"/>
    <property value="apple.awt.CToolkit" name="awt.toolkit"/>
    <property value="mixed mode, sharing" name="java.vm.info"/>
    <property value="1.5.0_13" name="java.version"/>
    <property value="/Library/Java/Extensions:/System/Library/Java/Extensions:/System/Library/Frameworks/JavaVM.framework/Versions/1.5.0/Home/lib/ext" name="java.ext.dirs"/>
    <property value="/System/Library/Frameworks/JavaVM.framework/Versions/1.5.0/Classes/classes.jar:/System/Library/Frameworks/JavaVM.framework/Versions/1.5.0/Classes/ui.jar:/System/Library/Frameworks/JavaVM.framework/Versions/1.5.0/Classes/laf.jar:/System/Library/Frameworks/JavaVM.framework/Versions/1.5.0/Classes/sunrsasign.jar:/System/Library/Frameworks/JavaVM.framework/Versions/1.5.0/Classes/jsse.jar:/System/Library/Frameworks/JavaVM.framework/Versions/1.5.0/Classes/jce.jar:/System/Library/Frameworks/JavaVM.framework/Versions/1.5.0/Classes/charsets.jar" name="sun.boot.class.path"/>
    <property value="Apple Inc." name="java.vendor"/>
    <property value="/Users/aleksandarbradic/.m2/repository" name="localRepository"/>
    <property value="/" name="file.separator"/>
    <property value="http://bugreport.apple.com/" name="java.vendor.url.bug"/>
    <property value="little" name="sun.cpu.endian"/>
    <property value="UnicodeLittle" name="sun.io.unicode.encoding"/>
    <property value="1040.1.5.0_13-237" name="mrj.version"/>
    <property value="local|*.local|169.254/16|*.169.254/16" name="socksNonProxyHosts"/>
    <property value="local|*.local|169.254/16|*.169.254/16" name="ftp.nonProxyHosts"/>
    <property value="" name="sun.cpu.isalist"/>
  </properties>
  <testcase classname="com.voidsearch.test.core.VoidBaseLoggerTest" time="0.019" name="nullTest"/>
</testsuite>